build/app/intermediates/manifest_merge_blame_file/release/manifest-merger-blame-release-report.txt
1<?xml version="1.0" encoding="utf-8"?>
2<manifest xmlns:android="http://schemas.android.com/apk/res/android"
3    package="com.powatrade.app"
4    android:versionCode="7"
5    android:versionName="1.0.4" >
6
7    <uses-sdk
8        android:minSdkVersion="21"
8-->src/main/AndroidManifest.xml
9        android:targetSdkVersion="33" />
9-->src/main/AndroidManifest.xml
10
11    <uses-permission android:name="android.permission.INTERNET" />
11-->src/main/AndroidManifest.xml:4:5-67
11-->src/main/AndroidManifest.xml:4:22-64
12    <uses-permission android:name="android.permission.ACCESS_NETWORK_STATE" />
12-->src/main/AndroidManifest.xml:5:5-79
12-->src/main/AndroidManifest.xml:5:22-76
13    <uses-permission android:name="android.permission.READ_EXTERNAL_STORAGE" />
13-->src/main/AndroidManifest.xml:6:5-80
13-->src/main/AndroidManifest.xml:6:22-77
14    <uses-permission android:name="android.permission.WRITE_EXTERNAL_STORAGE" />
14-->src/main/AndroidManifest.xml:7:5-81
14-->src/main/AndroidManifest.xml:7:22-78
15    <uses-permission android:name="android.permission.ACCESS_MEDIA_LOCATION" />
15-->src/main/AndroidManifest.xml:8:5-79
15-->src/main/AndroidManifest.xml:8:22-77
16    <uses-permission android:name="android.permission.ACCESS_FINE_LOCATION" />
16-->src/main/AndroidManifest.xml:9:5-79
16-->src/main/AndroidManifest.xml:9:22-76
17    <uses-permission android:name="android.permission.WAKE_LOCK" /> <!-- Permissions options for the `notification` group -->
17-->[:firebase_analytics] AndroidManifest.xml:11:5-68
17-->[:firebase_analytics] AndroidManifest.xml:11:22-65
18    <uses-permission android:name="android.permission.POST_NOTIFICATIONS" />
18-->[:firebase_messaging] AndroidManifest.xml:13:5-77
18-->[:firebase_messaging] AndroidManifest.xml:13:22-74
19    <uses-permission android:name="android.permission.ACCESS_WIFI_STATE" />
19-->[:network_info_plus] AndroidManifest.xml:10:5-76
19-->[:network_info_plus] AndroidManifest.xml:10:22-73
20
21    <queries>
21-->[:file_picker] AndroidManifest.xml:11:5-17:15
22        <intent>
22-->[:file_picker] AndroidManifest.xml:12:9-16:18
23            <action android:name="android.intent.action.GET_CONTENT" />
23-->[:file_picker] AndroidManifest.xml:13:13-72
23-->[:file_picker] AndroidManifest.xml:13:21-69
24
25            <data android:mimeType="*/*" />
25-->src/main/AndroidManifest.xml:42:15-77
26        </intent>
27        <intent>
27-->[:flutter_inappwebview] AndroidManifest.xml:10:9-12:18
28            <action android:name="android.support.customtabs.action.CustomTabsService" />
28-->[:flutter_inappwebview] AndroidManifest.xml:11:13-90
28-->[:flutter_inappwebview] AndroidManifest.xml:11:21-87
29        </intent> <!-- Added to check the default browser that will host the AuthFlow. -->
30        <intent>
30-->[com.stripe:financial-connections:20.16.2] AndroidManifest.xml:15:9-19:18
31            <action android:name="android.intent.action.VIEW" />
31-->src/main/AndroidManifest.xml:38:15-66
31-->src/main/AndroidManifest.xml:38:23-64
32
33            <data android:scheme="http" />
33-->src/main/AndroidManifest.xml:42:15-77
33-->src/main/AndroidManifest.xml:42:21-51
34        </intent> <!-- Added to check if Chrome is installed for browser-based payment authentication (e.g. 3DS1). -->
35        <package android:name="com.android.chrome" /> <!-- Needs to be explicitly declared on Android R+ -->
35-->[com.stripe:payments-core:20.16.2] AndroidManifest.xml:13:9-54
35-->[com.stripe:payments-core:20.16.2] AndroidManifest.xml:13:18-51
36        <package android:name="com.google.android.apps.maps" />
36-->[com.google.android.gms:play-services-maps:18.2.0] AndroidManifest.xml:33:9-64
36-->[com.google.android.gms:play-services-maps:18.2.0] AndroidManifest.xml:33:18-61
37    </queries>
38
39    <uses-permission android:name="android.permission.RECEIVE_BOOT_COMPLETED" />
39-->[:flutter_local_notifications] AndroidManifest.xml:9:5-81
39-->[:flutter_local_notifications] AndroidManifest.xml:9:22-78
40    <uses-permission android:name="android.permission.VIBRATE" />
40-->[:flutter_local_notifications] AndroidManifest.xml:10:5-66
40-->[:flutter_local_notifications] AndroidManifest.xml:10:22-63
41    <uses-permission android:name="android.permission.USE_FULL_SCREEN_INTENT" />
41-->[:flutter_local_notifications] AndroidManifest.xml:11:5-81
41-->[:flutter_local_notifications] AndroidManifest.xml:11:22-78
42    <uses-permission android:name="android.permission.SCHEDULE_EXACT_ALARM" />
42-->[:flutter_local_notifications] AndroidManifest.xml:12:5-79
42-->[:flutter_local_notifications] AndroidManifest.xml:12:22-76
43    <uses-permission android:name="com.google.android.gms.permission.AD_ID" />
43-->[com.google.android.gms:play-services-measurement-api:21.5.0] AndroidManifest.xml:25:5-79
43-->[com.google.android.gms:play-services-measurement-api:21.5.0] AndroidManifest.xml:25:22-76
44    <uses-permission android:name="android.permission.ACCESS_ADSERVICES_ATTRIBUTION" />
44-->[com.google.android.gms:play-services-measurement-api:21.5.0] AndroidManifest.xml:26:5-88
44-->[com.google.android.gms:play-services-measurement-api:21.5.0] AndroidManifest.xml:26:22-85
45    <uses-permission android:name="android.permission.ACCESS_ADSERVICES_AD_ID" /> <!-- Required by older versions of Google Play services to create IID tokens -->
45-->[com.google.android.gms:play-services-measurement-api:21.5.0] AndroidManifest.xml:27:5-82
45-->[com.google.android.gms:play-services-measurement-api:21.5.0] AndroidManifest.xml:27:22-79
46    <uses-permission android:name="com.google.android.c2dm.permission.RECEIVE" />
46-->[com.google.firebase:firebase-messaging:23.3.1] AndroidManifest.xml:26:5-82
46-->[com.google.firebase:firebase-messaging:23.3.1] AndroidManifest.xml:26:22-79
47
48    <uses-feature
48-->[com.google.android.gms:play-services-maps:18.2.0] AndroidManifest.xml:26:5-28:35
49        android:glEsVersion="0x00020000"
49-->[com.google.android.gms:play-services-maps:18.2.0] AndroidManifest.xml:27:9-41
50        android:required="true" />
50-->[com.google.android.gms:play-services-maps:18.2.0] AndroidManifest.xml:28:9-32
51
52    <uses-permission android:name="com.google.android.finsky.permission.BIND_GET_INSTALL_REFERRER_SERVICE" />
52-->[com.google.android.gms:play-services-measurement:21.5.0] AndroidManifest.xml:26:5-110
52-->[com.google.android.gms:play-services-measurement:21.5.0] AndroidManifest.xml:26:22-107
53
54    <permission
54-->[androidx.core:core:1.10.1] AndroidManifest.xml:22:5-24:47
55        android:name="com.powatrade.app.DYNAMIC_RECEIVER_NOT_EXPORTED_PERMISSION"
55-->[androidx.core:core:1.10.1] AndroidManifest.xml:23:9-81
56        android:protectionLevel="signature" />
56-->[androidx.core:core:1.10.1] AndroidManifest.xml:24:9-44
57
58    <uses-permission android:name="com.powatrade.app.DYNAMIC_RECEIVER_NOT_EXPORTED_PERMISSION" />
58-->[androidx.core:core:1.10.1] AndroidManifest.xml:26:5-97
58-->[androidx.core:core:1.10.1] AndroidManifest.xml:26:22-94
59
60    <application
61        android:name="io.flutter.app.FlutterMultiDexApplication"
61-->src/main/AndroidManifest.xml:14:9-42
62        android:appComponentFactory="androidx.core.app.CoreComponentFactory"
62-->[androidx.core:core:1.10.1] AndroidManifest.xml:28:18-86
63        android:icon="@mipmap/launcher_icon"
63-->src/main/AndroidManifest.xml:15:9-45
64        android:label="PowATrade"
64-->src/main/AndroidManifest.xml:12:9-34
65        android:requestLegacyExternalStorage="true"
65-->src/main/AndroidManifest.xml:11:9-52
66        android:theme="@style/LaunchTheme"
66-->src/main/AndroidManifest.xml:13:10-44
67        android:usesCleartextTraffic="true" >
67-->src/main/AndroidManifest.xml:16:9-44
68        <activity
68-->src/main/AndroidManifest.xml:17:9-44:20
69            android:name="com.powatrade.app.MainActivity"
69-->src/main/AndroidManifest.xml:18:13-41
70            android:configChanges="orientation|keyboardHidden|keyboard|screenSize|smallestScreenSize|locale|layoutDirection|fontScale|screenLayout|density|uiMode"
70-->src/main/AndroidManifest.xml:22:13-163
71            android:exported="true"
71-->src/main/AndroidManifest.xml:19:13-36
72            android:hardwareAccelerated="true"
72-->src/main/AndroidManifest.xml:23:13-47
73            android:launchMode="singleTop"
73-->src/main/AndroidManifest.xml:20:13-43
74            android:theme="@style/LaunchTheme"
74-->src/main/AndroidManifest.xml:21:13-47
75            android:windowSoftInputMode="adjustResize" >
75-->src/main/AndroidManifest.xml:24:13-55
76
77            <!--
78                 Specifies an Android theme to apply to this Activity as soon as
79                 the Android process has started. This theme is visible to the user
80                 while the Flutter UI initializes. After that, this theme continues
81                 to determine the Window background behind the Flutter UI.
82            -->
83            <meta-data
83-->src/main/AndroidManifest.xml:29:13-32:17
84                android:name="io.flutter.embedding.android.NormalTheme"
84-->src/main/AndroidManifest.xml:30:15-70
85                android:resource="@style/NormalTheme" />
85-->src/main/AndroidManifest.xml:31:15-52
86
87            <intent-filter>
87-->src/main/AndroidManifest.xml:33:13-36:29
88                <action android:name="android.intent.action.MAIN" />
88-->src/main/AndroidManifest.xml:34:17-68
88-->src/main/AndroidManifest.xml:34:25-66
89
90                <category android:name="android.intent.category.LAUNCHER" />
90-->src/main/AndroidManifest.xml:35:17-76
90-->src/main/AndroidManifest.xml:35:27-74
91            </intent-filter>
92            <intent-filter android:autoVerify="true" >
92-->src/main/AndroidManifest.xml:37:13-43:31
92-->src/main/AndroidManifest.xml:37:28-53
93                <action android:name="android.intent.action.VIEW" />
93-->src/main/AndroidManifest.xml:38:15-66
93-->src/main/AndroidManifest.xml:38:23-64
94
95                <category android:name="android.intent.category.DEFAULT" />
95-->src/main/AndroidManifest.xml:40:15-74
95-->src/main/AndroidManifest.xml:40:25-71
96                <category android:name="android.intent.category.BROWSABLE" />
96-->src/main/AndroidManifest.xml:41:15-76
96-->src/main/AndroidManifest.xml:41:25-73
97
98                <data
98-->src/main/AndroidManifest.xml:42:15-77
99                    android:host="safepay"
99-->src/main/AndroidManifest.xml:42:52-74
100                    android:scheme="flutterstripe" />
100-->src/main/AndroidManifest.xml:42:21-51
101            </intent-filter>
102        </activity>
103        <!--
104             Don't delete the meta-data below.
105             This is used by the Flutter tool to generate GeneratedPluginRegistrant.java
106        -->
107        <meta-data
107-->src/main/AndroidManifest.xml:47:9-49:33
108            android:name="flutterEmbedding"
108-->src/main/AndroidManifest.xml:48:13-44
109            android:value="2" />
109-->src/main/AndroidManifest.xml:49:13-30
110        <meta-data
110-->src/main/AndroidManifest.xml:50:9-51:73
111            android:name="com.google.android.geo.API_KEY"
111-->src/main/AndroidManifest.xml:50:20-65
112            android:value="AIzaSyBX9wT-58TPGjMdrNn2zmiaMogsJRBLNrc" />
112-->src/main/AndroidManifest.xml:51:16-71
113
114        <service
114-->[:firebase_crashlytics] AndroidManifest.xml:10:9-14:19
115            android:name="com.google.firebase.components.ComponentDiscoveryService"
115-->[:firebase_crashlytics] AndroidManifest.xml:10:18-89
116            android:directBootAware="true"
116-->[com.google.firebase:firebase-common:20.4.2] AndroidManifest.xml:32:13-43
117            android:exported="false" >
117-->[com.google.android.gms:play-services-measurement-api:21.5.0] AndroidManifest.xml:36:13-37
118            <meta-data
118-->[:firebase_crashlytics] AndroidManifest.xml:11:13-13:85
119                android:name="com.google.firebase.components:io.flutter.plugins.firebase.crashlytics.FlutterFirebaseAppRegistrar"
119-->[:firebase_crashlytics] AndroidManifest.xml:12:17-130
120                android:value="com.google.firebase.components.ComponentRegistrar" />
120-->[:firebase_crashlytics] AndroidManifest.xml:13:17-82
121            <meta-data
121-->[:firebase_analytics] AndroidManifest.xml:15:13-17:85
122                android:name="com.google.firebase.components:io.flutter.plugins.firebase.analytics.FlutterFirebaseAppRegistrar"
122-->[:firebase_analytics] AndroidManifest.xml:16:17-128
123                android:value="com.google.firebase.components.ComponentRegistrar" />
123-->[:firebase_analytics] AndroidManifest.xml:17:17-82
124            <meta-data
124-->[:firebase_messaging] AndroidManifest.xml:38:13-40:85
125                android:name="com.google.firebase.components:io.flutter.plugins.firebase.messaging.FlutterFirebaseAppRegistrar"
125-->[:firebase_messaging] AndroidManifest.xml:39:17-128
126                android:value="com.google.firebase.components.ComponentRegistrar" />
126-->[:firebase_messaging] AndroidManifest.xml:40:17-82
127            <meta-data
127-->[:firebase_core] AndroidManifest.xml:11:13-13:85
128                android:name="com.google.firebase.components:io.flutter.plugins.firebase.core.FlutterFirebaseCoreRegistrar"
128-->[:firebase_core] AndroidManifest.xml:12:17-124
129                android:value="com.google.firebase.components.ComponentRegistrar" />
129-->[:firebase_core] AndroidManifest.xml:13:17-82
130            <meta-data
130-->[com.google.android.gms:play-services-measurement-api:21.5.0] AndroidManifest.xml:37:13-39:85
131                android:name="com.google.firebase.components:com.google.firebase.analytics.connector.internal.AnalyticsConnectorRegistrar"
131-->[com.google.android.gms:play-services-measurement-api:21.5.0] AndroidManifest.xml:38:17-139
132                android:value="com.google.firebase.components.ComponentRegistrar" />
132-->[com.google.android.gms:play-services-measurement-api:21.5.0] AndroidManifest.xml:39:17-82
133            <meta-data
133-->[com.google.firebase:firebase-crashlytics:18.6.0] AndroidManifest.xml:15:13-17:85
134                android:name="com.google.firebase.components:com.google.firebase.crashlytics.FirebaseCrashlyticsKtxRegistrar"
134-->[com.google.firebase:firebase-crashlytics:18.6.0] AndroidManifest.xml:16:17-126
135                android:value="com.google.firebase.components.ComponentRegistrar" />
135-->[com.google.firebase:firebase-crashlytics:18.6.0] AndroidManifest.xml:17:17-82
136            <meta-data
136-->[com.google.firebase:firebase-crashlytics:18.6.0] AndroidManifest.xml:18:13-20:85
137                android:name="com.google.firebase.components:com.google.firebase.crashlytics.CrashlyticsRegistrar"
137-->[com.google.firebase:firebase-crashlytics:18.6.0] AndroidManifest.xml:19:17-115
138                android:value="com.google.firebase.components.ComponentRegistrar" />
138-->[com.google.firebase:firebase-crashlytics:18.6.0] AndroidManifest.xml:20:17-82
139            <meta-data
139-->[com.google.firebase:firebase-messaging:23.3.1] AndroidManifest.xml:57:13-59:85
140                android:name="com.google.firebase.components:com.google.firebase.messaging.FirebaseMessagingKtxRegistrar"
140-->[com.google.firebase:firebase-messaging:23.3.1] AndroidManifest.xml:58:17-122
141                android:value="com.google.firebase.components.ComponentRegistrar" />
141-->[com.google.firebase:firebase-messaging:23.3.1] AndroidManifest.xml:59:17-82
142            <meta-data
142-->[com.google.firebase:firebase-messaging:23.3.1] AndroidManifest.xml:60:13-62:85
143                android:name="com.google.firebase.components:com.google.firebase.messaging.FirebaseMessagingRegistrar"
143-->[com.google.firebase:firebase-messaging:23.3.1] AndroidManifest.xml:61:17-119
144                android:value="com.google.firebase.components.ComponentRegistrar" />
144-->[com.google.firebase:firebase-messaging:23.3.1] AndroidManifest.xml:62:17-82
145            <meta-data
145-->[com.google.firebase:firebase-iid:21.1.0] AndroidManifest.xml:32:13-34:85
146                android:name="com.google.firebase.components:com.google.firebase.iid.Registrar"
146-->[com.google.firebase:firebase-iid:21.1.0] AndroidManifest.xml:33:17-96
147                android:value="com.google.firebase.components.ComponentRegistrar" />
147-->[com.google.firebase:firebase-iid:21.1.0] AndroidManifest.xml:34:17-82
148            <meta-data
148-->[com.google.firebase:firebase-sessions:1.2.0] AndroidManifest.xml:29:13-31:85
149                android:name="com.google.firebase.components:com.google.firebase.sessions.FirebaseSessionsRegistrar"
149-->[com.google.firebase:firebase-sessions:1.2.0] AndroidManifest.xml:30:17-117
150                android:value="com.google.firebase.components.ComponentRegistrar" />
150-->[com.google.firebase:firebase-sessions:1.2.0] AndroidManifest.xml:31:17-82
151            <meta-data
151-->[com.google.firebase:firebase-installations:17.2.0] AndroidManifest.xml:15:13-17:85
152                android:name="com.google.firebase.components:com.google.firebase.installations.FirebaseInstallationsKtxRegistrar"
152-->[com.google.firebase:firebase-installations:17.2.0] AndroidManifest.xml:16:17-130
153                android:value="com.google.firebase.components.ComponentRegistrar" />
153-->[com.google.firebase:firebase-installations:17.2.0] AndroidManifest.xml:17:17-82
154            <meta-data
154-->[com.google.firebase:firebase-installations:17.2.0] AndroidManifest.xml:18:13-20:85
155                android:name="com.google.firebase.components:com.google.firebase.installations.FirebaseInstallationsRegistrar"
155-->[com.google.firebase:firebase-installations:17.2.0] AndroidManifest.xml:19:17-127
156                android:value="com.google.firebase.components.ComponentRegistrar" />
156-->[com.google.firebase:firebase-installations:17.2.0] AndroidManifest.xml:20:17-82
157            <meta-data
157-->[com.google.firebase:firebase-common-ktx:20.4.2] AndroidManifest.xml:12:13-14:85
158                android:name="com.google.firebase.components:com.google.firebase.ktx.FirebaseCommonLegacyRegistrar"
158-->[com.google.firebase:firebase-common-ktx:20.4.2] AndroidManifest.xml:13:17-116
159                android:value="com.google.firebase.components.ComponentRegistrar" />
159-->[com.google.firebase:firebase-common-ktx:20.4.2] AndroidManifest.xml:14:17-82
160            <meta-data
160-->[com.google.firebase:firebase-datatransport:18.1.8] AndroidManifest.xml:27:13-29:85
161                android:name="com.google.firebase.components:com.google.firebase.datatransport.TransportRegistrar"
161-->[com.google.firebase:firebase-datatransport:18.1.8] AndroidManifest.xml:28:17-115
162                android:value="com.google.firebase.components.ComponentRegistrar" />
162-->[com.google.firebase:firebase-datatransport:18.1.8] AndroidManifest.xml:29:17-82
163            <meta-data
163-->[com.google.firebase:firebase-common:20.4.2] AndroidManifest.xml:35:13-37:85
164                android:name="com.google.firebase.components:com.google.firebase.FirebaseCommonKtxRegistrar"
164-->[com.google.firebase:firebase-common:20.4.2] AndroidManifest.xml:36:17-109
165                android:value="com.google.firebase.components.ComponentRegistrar" />
165-->[com.google.firebase:firebase-common:20.4.2] AndroidManifest.xml:37:17-82
166        </service>
167        <service
167-->[:firebase_messaging] AndroidManifest.xml:16:9-19:72
168            android:name="io.flutter.plugins.firebase.messaging.FlutterFirebaseMessagingBackgroundService"
168-->[:firebase_messaging] AndroidManifest.xml:17:13-107
169            android:exported="false"
169-->[:firebase_messaging] AndroidManifest.xml:18:13-37
170            android:permission="android.permission.BIND_JOB_SERVICE" />
170-->[:firebase_messaging] AndroidManifest.xml:19:13-69
171        <service
171-->[:firebase_messaging] AndroidManifest.xml:20:9-26:19
172            android:name="io.flutter.plugins.firebase.messaging.FlutterFirebaseMessagingService"
172-->[:firebase_messaging] AndroidManifest.xml:21:13-97
173            android:exported="false" >
173-->[:firebase_messaging] AndroidManifest.xml:22:13-37
174            <intent-filter>
174-->[:firebase_messaging] AndroidManifest.xml:23:13-25:29
175                <action android:name="com.google.firebase.MESSAGING_EVENT" />
175-->[:firebase_messaging] AndroidManifest.xml:24:17-78
175-->[:firebase_messaging] AndroidManifest.xml:24:25-75
176            </intent-filter>
177        </service>
178
179        <receiver
179-->[:firebase_messaging] AndroidManifest.xml:28:9-35:20
180            android:name="io.flutter.plugins.firebase.messaging.FlutterFirebaseMessagingReceiver"
180-->[:firebase_messaging] AndroidManifest.xml:29:13-98
181            android:exported="true"
181-->[:firebase_messaging] AndroidManifest.xml:30:13-36
182            android:permission="com.google.android.c2dm.permission.SEND" >
182-->[:firebase_messaging] AndroidManifest.xml:31:13-73
183            <intent-filter>
183-->[:firebase_messaging] AndroidManifest.xml:32:13-34:29
184                <action android:name="com.google.android.c2dm.intent.RECEIVE" />
184-->[:firebase_messaging] AndroidManifest.xml:33:17-81
184-->[:firebase_messaging] AndroidManifest.xml:33:25-78
185            </intent-filter>
186        </receiver>
187
188        <provider
188-->[:firebase_messaging] AndroidManifest.xml:43:9-47:38
189            android:name="io.flutter.plugins.firebase.messaging.FlutterFirebaseMessagingInitProvider"
189-->[:firebase_messaging] AndroidManifest.xml:44:13-102
190            android:authorities="com.powatrade.app.flutterfirebasemessaginginitprovider"
190-->[:firebase_messaging] AndroidManifest.xml:45:13-88
191            android:exported="false"
191-->[:firebase_messaging] AndroidManifest.xml:46:13-37
192            android:initOrder="99" />
192-->[:firebase_messaging] AndroidManifest.xml:47:13-35
193        <provider
193-->[:image_picker_android] AndroidManifest.xml:10:9-18:20
194            android:name="io.flutter.plugins.imagepicker.ImagePickerFileProvider"
194-->[:image_picker_android] AndroidManifest.xml:11:13-82
195            android:authorities="com.powatrade.app.flutter.image_provider"
195-->[:image_picker_android] AndroidManifest.xml:12:13-74
196            android:exported="false"
196-->[:image_picker_android] AndroidManifest.xml:13:13-37
197            android:grantUriPermissions="true" >
197-->[:image_picker_android] AndroidManifest.xml:14:13-47
198            <meta-data
198-->[:image_picker_android] AndroidManifest.xml:15:13-17:75
199                android:name="android.support.FILE_PROVIDER_PATHS"
199-->[:image_picker_android] AndroidManifest.xml:16:17-67
200                android:resource="@xml/flutter_image_picker_file_paths" />
200-->[:image_picker_android] AndroidManifest.xml:17:17-72
201        </provider>
202
203        <receiver
203-->[:flutter_local_notifications] AndroidManifest.xml:16:9-18:40
204            android:name="com.dexterous.flutterlocalnotifications.ActionBroadcastReceiver"
204-->[:flutter_local_notifications] AndroidManifest.xml:17:13-91
205            android:exported="false" />
205-->[:flutter_local_notifications] AndroidManifest.xml:18:13-37
206        <receiver
206-->[:flutter_local_notifications] AndroidManifest.xml:19:9-21:40
207            android:name="com.dexterous.flutterlocalnotifications.ScheduledNotificationReceiver"
207-->[:flutter_local_notifications] AndroidManifest.xml:20:13-97
208            android:exported="false" />
208-->[:flutter_local_notifications] AndroidManifest.xml:21:13-37
209        <receiver
209-->[:flutter_local_notifications] AndroidManifest.xml:22:9-31:20
210            android:name="com.dexterous.flutterlocalnotifications.ScheduledNotificationBootReceiver"
210-->[:flutter_local_notifications] AndroidManifest.xml:23:13-101
211            android:exported="false" >
211-->[:flutter_local_notifications] AndroidManifest.xml:24:13-37
212            <intent-filter>
212-->[:flutter_local_notifications] AndroidManifest.xml:25:13-30:29
213                <action android:name="android.intent.action.BOOT_COMPLETED" />
213-->[:flutter_local_notifications] AndroidManifest.xml:26:17-79
213-->[:flutter_local_notifications] AndroidManifest.xml:26:25-76
214                <action android:name="android.intent.action.MY_PACKAGE_REPLACED" />
214-->[:flutter_local_notifications] AndroidManifest.xml:27:17-84
214-->[:flutter_local_notifications] AndroidManifest.xml:27:25-81
215                <action android:name="android.intent.action.QUICKBOOT_POWERON" />
215-->[:flutter_local_notifications] AndroidManifest.xml:28:17-82
215-->[:flutter_local_notifications] AndroidManifest.xml:28:25-79
216                <action android:name="com.htc.intent.action.QUICKBOOT_POWERON" />
216-->[:flutter_local_notifications] AndroidManifest.xml:29:17-82
216-->[:flutter_local_notifications] AndroidManifest.xml:29:25-79
217            </intent-filter>
218        </receiver>
219
220        <activity
220-->[:url_launcher_android] AndroidManifest.xml:10:9-13:74
221            android:name="io.flutter.plugins.urllauncher.WebViewActivity"
221-->[:url_launcher_android] AndroidManifest.xml:11:13-74
222            android:exported="false"
222-->[:url_launcher_android] AndroidManifest.xml:12:13-37
223            android:theme="@android:style/Theme.NoTitleBar.Fullscreen" />
223-->[:url_launcher_android] AndroidManifest.xml:13:13-71
224        <activity
224-->[:flutter_inappwebview] AndroidManifest.xml:16:9-20:47
225            android:name="com.pichillilorenzo.flutter_inappwebview.in_app_browser.InAppBrowserActivity"
225-->[:flutter_inappwebview] AndroidManifest.xml:17:13-104
226            android:configChanges="orientation|keyboardHidden|keyboard|screenSize|locale|layoutDirection|fontScale|screenLayout|density"
226-->[:flutter_inappwebview] AndroidManifest.xml:18:13-137
227            android:exported="false"
227-->[:flutter_inappwebview] AndroidManifest.xml:19:13-37
228            android:theme="@style/AppTheme" />
228-->[:flutter_inappwebview] AndroidManifest.xml:20:13-44
229        <activity
229-->[:flutter_inappwebview] AndroidManifest.xml:21:9-24:55
230            android:name="com.pichillilorenzo.flutter_inappwebview.chrome_custom_tabs.ChromeCustomTabsActivity"
230-->[:flutter_inappwebview] AndroidManifest.xml:22:13-112
231            android:exported="false"
231-->[:flutter_inappwebview] AndroidManifest.xml:23:13-37
232            android:theme="@style/ThemeTransparent" />
232-->[:flutter_inappwebview] AndroidManifest.xml:24:13-52
233        <activity
233-->[:flutter_inappwebview] AndroidManifest.xml:25:9-28:55
234            android:name="com.pichillilorenzo.flutter_inappwebview.chrome_custom_tabs.TrustedWebActivity"
234-->[:flutter_inappwebview] AndroidManifest.xml:26:13-106
235            android:exported="false"
235-->[:flutter_inappwebview] AndroidManifest.xml:27:13-37
236            android:theme="@style/ThemeTransparent" />
236-->[:flutter_inappwebview] AndroidManifest.xml:28:13-52
237        <activity
237-->[:flutter_inappwebview] AndroidManifest.xml:29:9-33:55
238            android:name="com.pichillilorenzo.flutter_inappwebview.chrome_custom_tabs.ChromeCustomTabsActivitySingleInstance"
238-->[:flutter_inappwebview] AndroidManifest.xml:30:13-126
239            android:exported="false"
239-->[:flutter_inappwebview] AndroidManifest.xml:31:13-37
240            android:launchMode="singleInstance"
240-->[:flutter_inappwebview] AndroidManifest.xml:32:13-48
241            android:theme="@style/ThemeTransparent" />
241-->[:flutter_inappwebview] AndroidManifest.xml:33:13-52
242        <activity
242-->[:flutter_inappwebview] AndroidManifest.xml:34:9-38:55
243            android:name="com.pichillilorenzo.flutter_inappwebview.chrome_custom_tabs.TrustedWebActivitySingleInstance"
243-->[:flutter_inappwebview] AndroidManifest.xml:35:13-120
244            android:exported="false"
244-->[:flutter_inappwebview] AndroidManifest.xml:36:13-37
245            android:launchMode="singleInstance"
245-->[:flutter_inappwebview] AndroidManifest.xml:37:13-48
246            android:theme="@style/ThemeTransparent" />
246-->[:flutter_inappwebview] AndroidManifest.xml:38:13-52
247
248        <receiver
248-->[:flutter_inappwebview] AndroidManifest.xml:40:9-43:40
249            android:name="com.pichillilorenzo.flutter_inappwebview.chrome_custom_tabs.ActionBroadcastReceiver"
249-->[:flutter_inappwebview] AndroidManifest.xml:41:13-111
250            android:enabled="true"
250-->[:flutter_inappwebview] AndroidManifest.xml:42:13-35
251            android:exported="false" />
251-->[:flutter_inappwebview] AndroidManifest.xml:43:13-37
252
253        <meta-data
253-->[:flutter_inappwebview] AndroidManifest.xml:45:9-47:36
254            android:name="io.flutter.embedded_views_preview"
254-->[:flutter_inappwebview] AndroidManifest.xml:46:13-61
255            android:value="true" />
255-->[:flutter_inappwebview] AndroidManifest.xml:47:13-33
256        <!--
257           Declares a provider which allows us to store files to share in
258           '.../caches/share_plus' and grant the receiving action access
259        -->
260        <provider
260-->[:share_plus] AndroidManifest.xml:15:9-23:20
261            android:name="dev.fluttercommunity.plus.share.ShareFileProvider"
261-->[:share_plus] AndroidManifest.xml:16:13-77
262            android:authorities="com.powatrade.app.flutter.share_provider"
262-->[:share_plus] AndroidManifest.xml:17:13-74
263            android:exported="false"
263-->[:share_plus] AndroidManifest.xml:18:13-37
264            android:grantUriPermissions="true" >
264-->[:share_plus] AndroidManifest.xml:19:13-47
265            <meta-data
265-->[:image_picker_android] AndroidManifest.xml:15:13-17:75
266                android:name="android.support.FILE_PROVIDER_PATHS"
266-->[:image_picker_android] AndroidManifest.xml:16:17-67